This file contains any messages produced by compilers while
running configure, to aid debugging if configure makes a mistake.

It was created by IPmon configure 0.0.1, which was
generated by GNU Autoconf 2.69.  Invocation command line was

  $ ./configure --no-create --no-recursion

## --------- ##
## Platform. ##
## --------- ##

hostname = wsArchDev
uname -m = x86_64
uname -r = 3.8.10-1-ARCH
uname -s = Linux
uname -v = #1 SMP PREEMPT Sat Apr 27 12:36:59 CEST 2013

/usr/bin/uname -p = unknown
/bin/uname -X     = unknown

/bin/arch              = unknown
/usr/bin/arch -k       = unknown
/usr/convex/getsysinfo = unknown
/usr/bin/hostinfo      = unknown
/bin/machine           = unknown
/usr/bin/oslevel       = unknown
/bin/universe          = unknown

PATH: /usr/lib/qt4/bin
PATH: /usr/local/bin
PATH: /usr/bin
PATH: /bin
PATH: /usr/local/sbin
PATH: /usr/sbin
PATH: /sbin
PATH: /usr/bin/core_perl
PATH: /home/kustom/.gem/ruby/2.0.0/gems/
PATH: /home/kustom/.gem/ruby/2.0.0/bin/


## ----------- ##
## Core tests. ##
## ----------- ##

configure:2241: checking for a BSD-compatible install
configure:2309: result: /usr/bin/install -c
configure:2320: checking whether build environment is sane
configure:2375: result: yes
configure:2526: checking for a thread-safe mkdir -p
configure:2565: result: /usr/bin/mkdir -p
configure:2572: checking for gawk
configure:2588: found /usr/bin/gawk
configure:2599: result: gawk
configure:2610: checking whether make sets $(MAKE)
configure:2632: result: yes
configure:2661: checking whether make supports nested variables
configure:2678: result: yes
configure:2807: checking for gcc
configure:2823: found /usr/bin/gcc
configure:2834: result: gcc
configure:3063: checking for C compiler version
configure:3072: gcc --version >&5
gcc (GCC) 4.8.0 20130425 (prerelease)
Copyright (C) 2013 Free Software Foundation, Inc.
This is free software; see the source for copying conditions.  There is NO
warranty; not even for MERCHANTABILITY or FITNESS FOR A PARTICULAR PURPOSE.

configure:3083: $? = 0
configure:3072: gcc -v >&5
Using built-in specs.
COLLECT_GCC=gcc
COLLECT_LTO_WRAPPER=/usr/lib/gcc/x86_64-unknown-linux-gnu/4.8.0/lto-wrapper
Target: x86_64-unknown-linux-gnu
Configured with: /build/src/gcc-4.8-20130425/configure --prefix=/usr --libdir=/usr/lib --libexecdir=/usr/lib --mandir=/usr/share/man --infodir=/usr/share/info --with-bugurl=https://bugs.archlinux.org/ --enable-languages=c,c++,ada,fortran,go,lto,objc,obj-c++ --enable-shared --enable-threads=posix --with-system-zlib --enable-__cxa_atexit --disable-libunwind-exceptions --enable-clocale=gnu --disable-libstdcxx-pch --enable-gnu-unique-object --enable-linker-build-id --enable-cloog-backend=isl --disable-cloog-version-check --enable-lto --enable-gold --enable-ld=default --enable-plugin --with-plugin-ld=ld.gold --with-linker-hash-style=gnu --disable-install-libiberty --disable-multilib --disable-libssp --disable-werror --enable-checking=release
Thread model: posix
gcc version 4.8.0 20130425 (prerelease) (GCC) 
configure:3083: $? = 0
configure:3072: gcc -V >&5
gcc: error: unrecognized command line option '-V'
gcc: fatal error: no input files
compilation terminated.
configure:3083: $? = 1
configure:3072: gcc -qversion >&5
gcc: error: unrecognized command line option '-qversion'
gcc: fatal error: no input files
compilation terminated.
configure:3083: $? = 1
configure:3103: checking whether the C compiler works
configure:3125: gcc    conftest.c  >&5
configure:3129: $? = 0
configure:3177: result: yes
configure:3180: checking for C compiler default output file name
configure:3182: result: a.out
configure:3188: checking for suffix of executables
configure:3195: gcc -o conftest    conftest.c  >&5
configure:3199: $? = 0
configure:3221: result: 
configure:3243: checking whether we are cross compiling
configure:3251: gcc -o conftest    conftest.c  >&5
configure:3255: $? = 0
configure:3262: ./conftest
configure:3266: $? = 0
configure:3281: result: no
configure:3286: checking for suffix of object files
configure:3308: gcc -c   conftest.c >&5
configure:3312: $? = 0
configure:3333: result: o
configure:3337: checking whether we are using the GNU C compiler
configure:3356: gcc -c   conftest.c >&5
configure:3356: $? = 0
configure:3365: result: yes
configure:3374: checking whether gcc accepts -g
configure:3394: gcc -c -g  conftest.c >&5
configure:3394: $? = 0
configure:3435: result: yes
configure:3452: checking for gcc option to accept ISO C89
configure:3515: gcc  -c -g -O2  conftest.c >&5
configure:3515: $? = 0
configure:3528: result: none needed
configure:3559: checking for style of include used by make
configure:3587: result: GNU
configure:3613: checking dependency style of gcc
configure:3724: result: gcc3
configure:3743: checking for gcc option to accept ISO C99
configure:3892: gcc  -c -g -O2  conftest.c >&5
conftest.c:61:29: error: expected ';', ',' or ')' before 'text'
 test_restrict (ccp restrict text)
                             ^
conftest.c: In function 'main':
conftest.c:115:18: error: expected '=', ',', ';', 'asm' or '__attribute__' before 'newvar'
   char *restrict newvar = "Another string";
                  ^
conftest.c:115:18: error: 'newvar' undeclared (first use in this function)
conftest.c:115:18: note: each undeclared identifier is reported only once for each function it appears in
conftest.c:125:3: error: 'for' loop initial declarations are only allowed in C99 mode
   for (int i = 0; i < ia->datasize; ++i)
   ^
conftest.c:125:3: note: use option -std=c99 or -std=gnu99 to compile your code
configure:3892: $? = 1
configure: failed program was:
| /* confdefs.h */
| #define PACKAGE_NAME "IPmon"
| #define PACKAGE_TARNAME "ipmon"
| #define PACKAGE_VERSION "0.0.1"
| #define PACKAGE_STRING "IPmon 0.0.1"
| #define PACKAGE_BUGREPORT "paul@bytechain.com"
| #define PACKAGE_URL ""
| #define PACKAGE "IPmon"
| #define VERSION "0.0.1"
| /* end confdefs.h.  */
| #include <stdarg.h>
| #include <stdbool.h>
| #include <stdlib.h>
| #include <wchar.h>
| #include <stdio.h>
| 
| // Check varargs macros.  These examples are taken from C99 6.10.3.5.
| #define debug(...) fprintf (stderr, __VA_ARGS__)
| #define showlist(...) puts (#__VA_ARGS__)
| #define report(test,...) ((test) ? puts (#test) : printf (__VA_ARGS__))
| static void
| test_varargs_macros (void)
| {
|   int x = 1234;
|   int y = 5678;
|   debug ("Flag");
|   debug ("X = %d\n", x);
|   showlist (The first, second, and third items.);
|   report (x>y, "x is %d but y is %d", x, y);
| }
| 
| // Check long long types.
| #define BIG64 18446744073709551615ull
| #define BIG32 4294967295ul
| #define BIG_OK (BIG64 / BIG32 == 4294967297ull && BIG64 % BIG32 == 0)
| #if !BIG_OK
|   your preprocessor is broken;
| #endif
| #if BIG_OK
| #else
|   your preprocessor is broken;
| #endif
| static long long int bignum = -9223372036854775807LL;
| static unsigned long long int ubignum = BIG64;
| 
| struct incomplete_array
| {
|   int datasize;
|   double data[];
| };
| 
| struct named_init {
|   int number;
|   const wchar_t *name;
|   double average;
| };
| 
| typedef const char *ccp;
| 
| static inline int
| test_restrict (ccp restrict text)
| {
|   // See if C++-style comments work.
|   // Iterate through items via the restricted pointer.
|   // Also check for declarations in for loops.
|   for (unsigned int i = 0; *(text+i) != '\0'; ++i)
|     continue;
|   return 0;
| }
| 
| // Check varargs and va_copy.
| static void
| test_varargs (const char *format, ...)
| {
|   va_list args;
|   va_start (args, format);
|   va_list args_copy;
|   va_copy (args_copy, args);
| 
|   const char *str;
|   int number;
|   float fnumber;
| 
|   while (*format)
|     {
|       switch (*format++)
| 	{
| 	case 's': // string
| 	  str = va_arg (args_copy, const char *);
| 	  break;
| 	case 'd': // int
| 	  number = va_arg (args_copy, int);
| 	  break;
| 	case 'f': // float
| 	  fnumber = va_arg (args_copy, double);
| 	  break;
| 	default:
| 	  break;
| 	}
|     }
|   va_end (args_copy);
|   va_end (args);
| }
| 
| int
| main ()
| {
| 
|   // Check bool.
|   _Bool success = false;
| 
|   // Check restrict.
|   if (test_restrict ("String literal") == 0)
|     success = true;
|   char *restrict newvar = "Another string";
| 
|   // Check varargs.
|   test_varargs ("s, d' f .", "string", 65, 34.234);
|   test_varargs_macros ();
| 
|   // Check flexible array members.
|   struct incomplete_array *ia =
|     malloc (sizeof (struct incomplete_array) + (sizeof (double) * 10));
|   ia->datasize = 10;
|   for (int i = 0; i < ia->datasize; ++i)
|     ia->data[i] = i * 1.234;
| 
|   // Check named initializers.
|   struct named_init ni = {
|     .number = 34,
|     .name = L"Test wide string",
|     .average = 543.34343,
|   };
| 
|   ni.number = 58;
| 
|   int dynamic_array[ni.number];
|   dynamic_array[ni.number - 1] = 543;
| 
|   // work around unused variable warnings
|   return (!success || bignum == 0LL || ubignum == 0uLL || newvar[0] == 'x'
| 	  || dynamic_array[ni.number - 1] != 543);
| 
|   ;
|   return 0;
| }
configure:3892: gcc -std=gnu99 -c -g -O2  conftest.c >&5
configure:3892: $? = 0
configure:3912: result: -std=gnu99
configure:4013: checking for gcc -std=gnu99 option to accept ISO Standard C
configure:4027: result: -std=gnu99
configure:4041: checking how to run the C preprocessor
configure:4072: gcc -std=gnu99 -E  conftest.c
configure:4072: $? = 0
configure:4086: gcc -std=gnu99 -E  conftest.c
conftest.c:11:28: fatal error: ac_nonexistent.h: No such file or directory
 #include <ac_nonexistent.h>
                            ^
compilation terminated.
configure:4086: $? = 1
configure: failed program was:
| /* confdefs.h */
| #define PACKAGE_NAME "IPmon"
| #define PACKAGE_TARNAME "ipmon"
| #define PACKAGE_VERSION "0.0.1"
| #define PACKAGE_STRING "IPmon 0.0.1"
| #define PACKAGE_BUGREPORT "paul@bytechain.com"
| #define PACKAGE_URL ""
| #define PACKAGE "IPmon"
| #define VERSION "0.0.1"
| /* end confdefs.h.  */
| #include <ac_nonexistent.h>
configure:4111: result: gcc -std=gnu99 -E
configure:4131: gcc -std=gnu99 -E  conftest.c
configure:4131: $? = 0
configure:4145: gcc -std=gnu99 -E  conftest.c
conftest.c:11:28: fatal error: ac_nonexistent.h: No such file or directory
 #include <ac_nonexistent.h>
                            ^
compilation terminated.
configure:4145: $? = 1
configure: failed program was:
| /* confdefs.h */
| #define PACKAGE_NAME "IPmon"
| #define PACKAGE_TARNAME "ipmon"
| #define PACKAGE_VERSION "0.0.1"
| #define PACKAGE_STRING "IPmon 0.0.1"
| #define PACKAGE_BUGREPORT "paul@bytechain.com"
| #define PACKAGE_URL ""
| #define PACKAGE "IPmon"
| #define VERSION "0.0.1"
| /* end confdefs.h.  */
| #include <ac_nonexistent.h>
configure:4174: checking for grep that handles long lines and -e
configure:4232: result: /usr/bin/grep
configure:4237: checking for egrep
configure:4299: result: /usr/bin/grep -E
configure:4304: checking for ANSI C header files
configure:4324: gcc -std=gnu99 -c -g -O2  conftest.c >&5
configure:4324: $? = 0
configure:4397: gcc -std=gnu99 -o conftest -g -O2   conftest.c  >&5
configure:4397: $? = 0
configure:4397: ./conftest
configure:4397: $? = 0
configure:4408: result: yes
configure:4421: checking for sys/types.h
configure:4421: gcc -std=gnu99 -c -g -O2  conftest.c >&5
configure:4421: $? = 0
configure:4421: result: yes
configure:4421: checking for sys/stat.h
configure:4421: gcc -std=gnu99 -c -g -O2  conftest.c >&5
configure:4421: $? = 0
configure:4421: result: yes
configure:4421: checking for stdlib.h
configure:4421: gcc -std=gnu99 -c -g -O2  conftest.c >&5
configure:4421: $? = 0
configure:4421: result: yes
configure:4421: checking for string.h
configure:4421: gcc -std=gnu99 -c -g -O2  conftest.c >&5
configure:4421: $? = 0
configure:4421: result: yes
configure:4421: checking for memory.h
configure:4421: gcc -std=gnu99 -c -g -O2  conftest.c >&5
configure:4421: $? = 0
configure:4421: result: yes
configure:4421: checking for strings.h
configure:4421: gcc -std=gnu99 -c -g -O2  conftest.c >&5
configure:4421: $? = 0
configure:4421: result: yes
configure:4421: checking for inttypes.h
configure:4421: gcc -std=gnu99 -c -g -O2  conftest.c >&5
configure:4421: $? = 0
configure:4421: result: yes
configure:4421: checking for stdint.h
configure:4421: gcc -std=gnu99 -c -g -O2  conftest.c >&5
configure:4421: $? = 0
configure:4421: result: yes
configure:4421: checking for unistd.h
configure:4421: gcc -std=gnu99 -c -g -O2  conftest.c >&5
configure:4421: $? = 0
configure:4421: result: yes
configure:4436: checking arpa/inet.h usability
configure:4436: gcc -std=gnu99 -c -g -O2  conftest.c >&5
configure:4436: $? = 0
configure:4436: result: yes
configure:4436: checking arpa/inet.h presence
configure:4436: gcc -std=gnu99 -E  conftest.c
configure:4436: $? = 0
configure:4436: result: yes
configure:4436: checking for arpa/inet.h
configure:4436: result: yes
configure:4436: checking netdb.h usability
configure:4436: gcc -std=gnu99 -c -g -O2  conftest.c >&5
configure:4436: $? = 0
configure:4436: result: yes
configure:4436: checking netdb.h presence
configure:4436: gcc -std=gnu99 -E  conftest.c
configure:4436: $? = 0
configure:4436: result: yes
configure:4436: checking for netdb.h
configure:4436: result: yes
configure:4436: checking netinet/in.h usability
configure:4436: gcc -std=gnu99 -c -g -O2  conftest.c >&5
configure:4436: $? = 0
configure:4436: result: yes
configure:4436: checking netinet/in.h presence
configure:4436: gcc -std=gnu99 -E  conftest.c
configure:4436: $? = 0
configure:4436: result: yes
configure:4436: checking for netinet/in.h
configure:4436: result: yes
configure:4436: checking for stdint.h
configure:4436: result: yes
configure:4436: checking for stdlib.h
configure:4436: result: yes
configure:4436: checking for string.h
configure:4436: result: yes
configure:4436: checking sys/socket.h usability
configure:4436: gcc -std=gnu99 -c -g -O2  conftest.c >&5
configure:4436: $? = 0
configure:4436: result: yes
configure:4436: checking sys/socket.h presence
configure:4436: gcc -std=gnu99 -E  conftest.c
configure:4436: $? = 0
configure:4436: result: yes
configure:4436: checking for sys/socket.h
configure:4436: result: yes
configure:4436: checking for unistd.h
configure:4436: result: yes
configure:4448: checking for uint8_t
configure:4448: gcc -std=gnu99 -c -g -O2  conftest.c >&5
configure:4448: $? = 0
configure:4448: result: yes
configure:4466: checking for stdlib.h
configure:4466: result: yes
configure:4476: checking for GNU libc compatible malloc
configure:4500: gcc -std=gnu99 -o conftest -g -O2   conftest.c  >&5
configure:4500: $? = 0
configure:4500: ./conftest
configure:4500: $? = 0
configure:4510: result: yes
configure:4534: checking for gethostbyname
configure:4534: gcc -std=gnu99 -o conftest -g -O2   conftest.c  >&5
configure:4534: $? = 0
configure:4534: result: yes
configure:4534: checking for socket
configure:4534: gcc -std=gnu99 -o conftest -g -O2   conftest.c  >&5
configure:4534: $? = 0
configure:4534: result: yes
configure:4691: checking that generated files are newer than configure
configure:4697: result: done
configure:4720: creating ./config.status

## ---------------- ##
## Cache variables. ##
## ---------------- ##

ac_cv_c_compiler_gnu=yes
ac_cv_c_uint8_t=yes
ac_cv_env_CC_set=
ac_cv_env_CC_value=
ac_cv_env_CFLAGS_set=
ac_cv_env_CFLAGS_value=
ac_cv_env_CPPFLAGS_set=
ac_cv_env_CPPFLAGS_value=
ac_cv_env_CPP_set=
ac_cv_env_CPP_value=
ac_cv_env_LDFLAGS_set=
ac_cv_env_LDFLAGS_value=
ac_cv_env_LIBS_set=
ac_cv_env_LIBS_value=
ac_cv_env_build_alias_set=
ac_cv_env_build_alias_value=
ac_cv_env_host_alias_set=
ac_cv_env_host_alias_value=
ac_cv_env_target_alias_set=
ac_cv_env_target_alias_value=
ac_cv_func_gethostbyname=yes
ac_cv_func_malloc_0_nonnull=yes
ac_cv_func_socket=yes
ac_cv_header_arpa_inet_h=yes
ac_cv_header_inttypes_h=yes
ac_cv_header_memory_h=yes
ac_cv_header_netdb_h=yes
ac_cv_header_netinet_in_h=yes
ac_cv_header_stdc=yes
ac_cv_header_stdint_h=yes
ac_cv_header_stdlib_h=yes
ac_cv_header_string_h=yes
ac_cv_header_strings_h=yes
ac_cv_header_sys_socket_h=yes
ac_cv_header_sys_stat_h=yes
ac_cv_header_sys_types_h=yes
ac_cv_header_unistd_h=yes
ac_cv_objext=o
ac_cv_path_EGREP='/usr/bin/grep -E'
ac_cv_path_GREP=/usr/bin/grep
ac_cv_path_install='/usr/bin/install -c'
ac_cv_path_mkdir=/usr/bin/mkdir
ac_cv_prog_AWK=gawk
ac_cv_prog_CPP='gcc -std=gnu99 -E'
ac_cv_prog_ac_ct_CC=gcc
ac_cv_prog_cc_c89=
ac_cv_prog_cc_c99=-std=gnu99
ac_cv_prog_cc_g=yes
ac_cv_prog_cc_stdc=-std=gnu99
ac_cv_prog_make_make_set=yes
am_cv_CC_dependencies_compiler_type=gcc3
am_cv_make_support_nested_variables=yes

## ----------------- ##
## Output variables. ##
## ----------------- ##

ACLOCAL='${SHELL} /home/kustom/projects/ipmon/missing aclocal-1.13'
AMDEPBACKSLASH='\'
AMDEP_FALSE='#'
AMDEP_TRUE=''
AMTAR='$${TAR-tar}'
AM_BACKSLASH='\'
AM_DEFAULT_V='$(AM_DEFAULT_VERBOSITY)'
AM_DEFAULT_VERBOSITY='1'
AM_V='$(V)'
AUTOCONF='${SHELL} /home/kustom/projects/ipmon/missing autoconf'
AUTOHEADER='${SHELL} /home/kustom/projects/ipmon/missing autoheader'
AUTOMAKE='${SHELL} /home/kustom/projects/ipmon/missing automake-1.13'
AWK='gawk'
CC='gcc -std=gnu99'
CCDEPMODE='depmode=gcc3'
CFLAGS='-g -O2'
CPP='gcc -std=gnu99 -E'
CPPFLAGS=''
CYGPATH_W='echo'
DEFS='-DPACKAGE_NAME=\"IPmon\" -DPACKAGE_TARNAME=\"ipmon\" -DPACKAGE_VERSION=\"0.0.1\" -DPACKAGE_STRING=\"IPmon\ 0.0.1\" -DPACKAGE_BUGREPORT=\"paul@bytechain.com\" -DPACKAGE_URL=\"\" -DPACKAGE=\"IPmon\" -DVERSION=\"0.0.1\" -DSTDC_HEADERS=1 -DHAVE_SYS_TYPES_H=1 -DHAVE_SYS_STAT_H=1 -DHAVE_STDLIB_H=1 -DHAVE_STRING_H=1 -DHAVE_MEMORY_H=1 -DHAVE_STRINGS_H=1 -DHAVE_INTTYPES_H=1 -DHAVE_STDINT_H=1 -DHAVE_UNISTD_H=1 -DHAVE_ARPA_INET_H=1 -DHAVE_NETDB_H=1 -DHAVE_NETINET_IN_H=1 -DHAVE_STDINT_H=1 -DHAVE_STDLIB_H=1 -DHAVE_STRING_H=1 -DHAVE_SYS_SOCKET_H=1 -DHAVE_UNISTD_H=1 -DHAVE_STDLIB_H=1 -DHAVE_MALLOC=1 -DHAVE_GETHOSTBYNAME=1 -DHAVE_SOCKET=1'
DEPDIR='.deps'
ECHO_C=''
ECHO_N='-n'
ECHO_T=''
EGREP='/usr/bin/grep -E'
EXEEXT=''
GREP='/usr/bin/grep'
INSTALL_DATA='${INSTALL} -m 644'
INSTALL_PROGRAM='${INSTALL}'
INSTALL_SCRIPT='${INSTALL}'
INSTALL_STRIP_PROGRAM='$(install_sh) -c -s'
LDFLAGS=''
LIBOBJS=''
LIBS=''
LTLIBOBJS=''
MAKEINFO='${SHELL} /home/kustom/projects/ipmon/missing makeinfo'
MKDIR_P='/usr/bin/mkdir -p'
OBJEXT='o'
PACKAGE='IPmon'
PACKAGE_BUGREPORT='paul@bytechain.com'
PACKAGE_NAME='IPmon'
PACKAGE_STRING='IPmon 0.0.1'
PACKAGE_TARNAME='ipmon'
PACKAGE_URL=''
PACKAGE_VERSION='0.0.1'
PATH_SEPARATOR=':'
SET_MAKE=''
SHELL='/bin/sh'
STRIP=''
VERSION='0.0.1'
ac_ct_CC='gcc'
am__EXEEXT_FALSE=''
am__EXEEXT_TRUE='#'
am__fastdepCC_FALSE='#'
am__fastdepCC_TRUE=''
am__include='include'
am__isrc=''
am__leading_dot='.'
am__nodep='_no'
am__quote=''
am__tar='$${TAR-tar} chof - "$$tardir"'
am__untar='$${TAR-tar} xf -'
bindir='${exec_prefix}/bin'
build_alias=''
datadir='${datarootdir}'
datarootdir='${prefix}/share'
docdir='${datarootdir}/doc/${PACKAGE_TARNAME}'
dvidir='${docdir}'
exec_prefix='${prefix}'
host_alias=''
htmldir='${docdir}'
includedir='${prefix}/include'
infodir='${datarootdir}/info'
install_sh='${SHELL} /home/kustom/projects/ipmon/install-sh'
libdir='${exec_prefix}/lib'
libexecdir='${exec_prefix}/libexec'
localedir='${datarootdir}/locale'
localstatedir='${prefix}/var'
mandir='${datarootdir}/man'
mkdir_p='$(MKDIR_P)'
oldincludedir='/usr/include'
pdfdir='${docdir}'
prefix='/usr/local'
program_transform_name='s,x,x,'
psdir='${docdir}'
sbindir='${exec_prefix}/sbin'
sharedstatedir='${prefix}/com'
sysconfdir='${prefix}/etc'
target_alias=''

## ----------- ##
## confdefs.h. ##
## ----------- ##

/* confdefs.h */
#define PACKAGE_NAME "IPmon"
#define PACKAGE_TARNAME "ipmon"
#define PACKAGE_VERSION "0.0.1"
#define PACKAGE_STRING "IPmon 0.0.1"
#define PACKAGE_BUGREPORT "paul@bytechain.com"
#define PACKAGE_URL ""
#define PACKAGE "IPmon"
#define VERSION "0.0.1"
#define STDC_HEADERS 1
#define HAVE_SYS_TYPES_H 1
#define HAVE_SYS_STAT_H 1
#define HAVE_STDLIB_H 1
#define HAVE_STRING_H 1
#define HAVE_MEMORY_H 1
#define HAVE_STRINGS_H 1
#define HAVE_INTTYPES_H 1
#define HAVE_STDINT_H 1
#define HAVE_UNISTD_H 1
#define HAVE_ARPA_INET_H 1
#define HAVE_NETDB_H 1
#define HAVE_NETINET_IN_H 1
#define HAVE_STDINT_H 1
#define HAVE_STDLIB_H 1
#define HAVE_STRING_H 1
#define HAVE_SYS_SOCKET_H 1
#define HAVE_UNISTD_H 1
#define HAVE_STDLIB_H 1
#define HAVE_MALLOC 1
#define HAVE_GETHOSTBYNAME 1
#define HAVE_SOCKET 1

configure: exit 0

## ---------------------- ##
## Running config.status. ##
## ---------------------- ##

This file was extended by IPmon config.status 0.0.1, which was
generated by GNU Autoconf 2.69.  Invocation command line was

  CONFIG_FILES    = 
  CONFIG_HEADERS  = 
  CONFIG_LINKS    = 
  CONFIG_COMMANDS = 
  $ ./config.status 

on wsArchDev

config.status:780: creating Makefile
config.status:780: creating server_tester/Makefile
config.status:780: creating serveur/Makefile
config.status:952: executing depfiles commands
